
> shelter@0.0.0 start
> ng serve

[33m>[39m Building...
[32mâˆš[39m Building...
[1mInitial chunk files[22m[2m | [22m[1mNames[22m        [2m | [22m [1mRaw size[22m
[32mstyles.css[39m         [2m | [22m[2mstyles[22m       [2m | [22m[36m448.53 kB[39m[2m | [22m
[32mmain.js[39m            [2m | [22m[2mmain[22m         [2m | [22m [36m31.20 kB[39m[2m | [22m

[1m [22m                  [2m | [22m[1mInitial total[22m[2m | [22m[1m479.74 kB[22m

Application bundle generation complete. [2.419 seconds] - 2026-01-31T16:13:14.928Z

Watch mode enabled. Watching for file changes...
NOTE: Raw file sizes do not reflect development server per-request transformations.
  [32mâœ[39m  [1mLocal[22m:   [36mhttp://localhost:[1m4200[22m/[39m
[33m>[39m Changes detected. Rebuilding...
[32mâˆš[39m Changes detected. Rebuilding...
Application bundle generation failed. [0.793 seconds] - 2026-01-31T16:27:49.225Z

[33m>[39m Changes detected. Rebuilding...
[32mâˆš[39m Changes detected. Rebuilding...
[1mInitial chunk files[22m[2m | [22m[1mNames[22m        [2m | [22m [1mRaw size[22m
[32mstyles.css[39m         [2m | [22m[2mstyles[22m       [2m | [22m[36m448.53 kB[39m[2m | [22m
[32mmain.js[39m            [2m | [22m[2mmain[22m         [2m | [22m [36m31.19 kB[39m[2m | [22m

[1m [22m                  [2m | [22m[1mInitial total[22m[2m | [22m[1m479.72 kB[22m

Application bundle generation complete. [0.198 seconds] - 2026-01-31T16:27:57.352Z

Page reload sent to client(s).
[33m>[39m Changes detected. Rebuilding...
[32mâˆš[39m Changes detected. Rebuilding...

No output file changes.

Application bundle generation complete. [0.154 seconds] - 2026-01-31T16:28:01.280Z

[33m>[39m Changes detected. Rebuilding...
[32mâˆš[39m Changes detected. Rebuilding...
Application bundle generation failed. [0.368 seconds] - 2026-01-31T16:32:43.512Z

[33m>[39m Changes detected. Rebuilding...
[32mâˆš[39m Changes detected. Rebuilding...
Application bundle generation failed. [0.128 seconds] - 2026-01-31T16:32:54.839Z

[33m>[39m Changes detected. Rebuilding...
[32mâˆš[39m Changes detected. Rebuilding...
[1mInitial chunk files[22m[2m | [22m[1mNames[22m        [2m | [22m [1mRaw size[22m
[32mstyles.css[39m         [2m | [22m[2mstyles[22m       [2m | [22m[36m448.53 kB[39m[2m | [22m
[32mmain.js[39m            [2m | [22m[2mmain[22m         [2m | [22m [36m31.21 kB[39m[2m | [22m

[1m [22m                  [2m | [22m[1mInitial total[22m[2m | [22m[1m479.74 kB[22m

Application bundle generation complete. [0.134 seconds] - 2026-01-31T16:32:59.500Z

Page reload sent to client(s).
[33m>[39m Changes detected. Rebuilding...
[32mâˆš[39m Changes detected. Rebuilding...
[1mInitial chunk files[22m[2m | [22m[1mNames[22m[2m | [22m[1mRaw size[22m
[32mmain.js[39m            [2m | [22m[2mmain[22m [2m | [22m[36m31.36 kB[39m[2m | [22m

Application bundle generation complete. [0.144 seconds] - 2026-01-31T16:34:22.275Z

Page reload sent to client(s).
[33m>[39m Changes detected. Rebuilding...
[32mâˆš[39m Changes detected. Rebuilding...
[1mInitial chunk files[22m[2m | [22m[1mNames[22m[2m | [22m[1mRaw size[22m
[32mmain.js[39m            [2m | [22m[2mmain[22m [2m | [22m[36m31.55 kB[39m[2m | [22m

Application bundle generation complete. [0.127 seconds] - 2026-01-31T16:36:03.258Z

Page reload sent to client(s).
[33m>[39m Changes detected. Rebuilding...
